#! /c/Source/iverilog-install/bin/vvp
:ivl_version "12.0 (devel)" "(s20150603-1539-g2693dd32b)";
:ivl_delay_selection "TYPICAL";
:vpi_time_precision + 0;
:vpi_module "C:\iverilog\lib\ivl\system.vpi";
:vpi_module "C:\iverilog\lib\ivl\vhdl_sys.vpi";
:vpi_module "C:\iverilog\lib\ivl\vhdl_textio.vpi";
:vpi_module "C:\iverilog\lib\ivl\v2005_math.vpi";
:vpi_module "C:\iverilog\lib\ivl\va_math.vpi";
S_0000019ece026980 .scope module, "FORWARDING_CONTROL_UNIT" "FORWARDING_CONTROL_UNIT" 2 1;
 .timescale 0 0;
    .port_info 0 /INPUT 2 "WB_FORWARD_EN";
    .port_info 1 /INPUT 2 "MEM_FORWARD_EN";
    .port_info 2 /INPUT 32 "WB_RD_DATA";
    .port_info 3 /INPUT 32 "MEM_RD_DATA";
    .port_info 4 /OUTPUT 1 "OUT1_FORWARD_EN";
    .port_info 5 /OUTPUT 1 "OUT2_FORWARD_EN";
    .port_info 6 /OUTPUT 32 "OUT1_FORWARD_DATA";
    .port_info 7 /OUTPUT 32 "OUT2_FORWARD_DATA";
o0000019ece080f98 .functor BUFZ 2, C4<zz>; HiZ drive
v0000019ece02bf00_0 .net "MEM_FORWARD_EN", 1 0, o0000019ece080f98;  0 drivers
o0000019ece080fc8 .functor BUFZ 32, C4<zzzzzzzzzzzzzzzzzzzzzzzzzzzzzzzz>; HiZ drive
v0000019ece026b10_0 .net "MEM_RD_DATA", 31 0, o0000019ece080fc8;  0 drivers
v0000019ece026bb0_0 .var "OUT1_FORWARD_DATA", 31 0;
v0000019ece026c50_0 .var "OUT1_FORWARD_EN", 0 0;
v0000019ece026cf0_0 .var "OUT2_FORWARD_DATA", 31 0;
v0000019ece074a00_0 .var "OUT2_FORWARD_EN", 0 0;
o0000019ece0810b8 .functor BUFZ 2, C4<zz>; HiZ drive
v0000019ece074aa0_0 .net "WB_FORWARD_EN", 1 0, o0000019ece0810b8;  0 drivers
o0000019ece0810e8 .functor BUFZ 32, C4<zzzzzzzzzzzzzzzzzzzzzzzzzzzzzzzz>; HiZ drive
v0000019ece074b40_0 .net "WB_RD_DATA", 31 0, o0000019ece0810e8;  0 drivers
E_0000019ece029020 .event anyedge, v0000019ece074aa0_0, v0000019ece02bf00_0, v0000019ece026b10_0, v0000019ece074b40_0;
    .scope S_0000019ece026980;
T_0 ;
    %wait E_0000019ece029020;
    %pushi/vec4 0, 0, 1;
    %store/vec4 v0000019ece026c50_0, 0, 1;
    %pushi/vec4 0, 0, 1;
    %store/vec4 v0000019ece074a00_0, 0, 1;
    %pushi/vec4 0, 0, 32;
    %store/vec4 v0000019ece026bb0_0, 0, 32;
    %pushi/vec4 0, 0, 32;
    %store/vec4 v0000019ece026cf0_0, 0, 32;
    %load/vec4 v0000019ece074aa0_0;
    %load/vec4 v0000019ece02bf00_0;
    %concat/vec4; draw_concat_vec4
    %dup/vec4;
    %pushi/vec4 0, 0, 4;
    %cmp/u;
    %jmp/1 T_0.0, 6;
    %dup/vec4;
    %pushi/vec4 1, 0, 4;
    %cmp/u;
    %jmp/1 T_0.1, 6;
    %dup/vec4;
    %pushi/vec4 2, 0, 4;
    %cmp/u;
    %jmp/1 T_0.2, 6;
    %dup/vec4;
    %pushi/vec4 3, 0, 4;
    %cmp/u;
    %jmp/1 T_0.3, 6;
    %dup/vec4;
    %pushi/vec4 4, 0, 4;
    %cmp/u;
    %jmp/1 T_0.4, 6;
    %dup/vec4;
    %pushi/vec4 5, 0, 4;
    %cmp/u;
    %jmp/1 T_0.5, 6;
    %dup/vec4;
    %pushi/vec4 6, 0, 4;
    %cmp/u;
    %jmp/1 T_0.6, 6;
    %dup/vec4;
    %pushi/vec4 7, 0, 4;
    %cmp/u;
    %jmp/1 T_0.7, 6;
    %dup/vec4;
    %pushi/vec4 8, 0, 4;
    %cmp/u;
    %jmp/1 T_0.8, 6;
    %dup/vec4;
    %pushi/vec4 9, 0, 4;
    %cmp/u;
    %jmp/1 T_0.9, 6;
    %dup/vec4;
    %pushi/vec4 10, 0, 4;
    %cmp/u;
    %jmp/1 T_0.10, 6;
    %dup/vec4;
    %pushi/vec4 11, 0, 4;
    %cmp/u;
    %jmp/1 T_0.11, 6;
    %dup/vec4;
    %pushi/vec4 12, 0, 4;
    %cmp/u;
    %jmp/1 T_0.12, 6;
    %dup/vec4;
    %pushi/vec4 13, 0, 4;
    %cmp/u;
    %jmp/1 T_0.13, 6;
    %dup/vec4;
    %pushi/vec4 14, 0, 4;
    %cmp/u;
    %jmp/1 T_0.14, 6;
    %dup/vec4;
    %pushi/vec4 15, 0, 4;
    %cmp/u;
    %jmp/1 T_0.15, 6;
    %jmp T_0.16;
T_0.0 ;
    %jmp T_0.16;
T_0.1 ;
    %pushi/vec4 1, 0, 1;
    %store/vec4 v0000019ece026c50_0, 0, 1;
    %load/vec4 v0000019ece026b10_0;
    %store/vec4 v0000019ece026bb0_0, 0, 32;
    %jmp T_0.16;
T_0.2 ;
    %pushi/vec4 1, 0, 1;
    %store/vec4 v0000019ece074a00_0, 0, 1;
    %load/vec4 v0000019ece026b10_0;
    %store/vec4 v0000019ece026cf0_0, 0, 32;
    %jmp T_0.16;
T_0.3 ;
    %pushi/vec4 1, 0, 1;
    %store/vec4 v0000019ece026c50_0, 0, 1;
    %load/vec4 v0000019ece026b10_0;
    %store/vec4 v0000019ece026bb0_0, 0, 32;
    %pushi/vec4 1, 0, 1;
    %store/vec4 v0000019ece074a00_0, 0, 1;
    %load/vec4 v0000019ece026b10_0;
    %store/vec4 v0000019ece026cf0_0, 0, 32;
    %jmp T_0.16;
T_0.4 ;
    %pushi/vec4 1, 0, 1;
    %store/vec4 v0000019ece026c50_0, 0, 1;
    %load/vec4 v0000019ece074b40_0;
    %store/vec4 v0000019ece026bb0_0, 0, 32;
    %jmp T_0.16;
T_0.5 ;
    %pushi/vec4 1, 0, 1;
    %store/vec4 v0000019ece026c50_0, 0, 1;
    %load/vec4 v0000019ece026b10_0;
    %store/vec4 v0000019ece026bb0_0, 0, 32;
    %jmp T_0.16;
T_0.6 ;
    %pushi/vec4 1, 0, 1;
    %store/vec4 v0000019ece026c50_0, 0, 1;
    %load/vec4 v0000019ece074b40_0;
    %store/vec4 v0000019ece026bb0_0, 0, 32;
    %pushi/vec4 1, 0, 1;
    %store/vec4 v0000019ece074a00_0, 0, 1;
    %load/vec4 v0000019ece026b10_0;
    %store/vec4 v0000019ece026cf0_0, 0, 32;
    %jmp T_0.16;
T_0.7 ;
    %pushi/vec4 1, 0, 1;
    %store/vec4 v0000019ece026c50_0, 0, 1;
    %load/vec4 v0000019ece026b10_0;
    %store/vec4 v0000019ece026bb0_0, 0, 32;
    %pushi/vec4 1, 0, 1;
    %store/vec4 v0000019ece074a00_0, 0, 1;
    %load/vec4 v0000019ece026b10_0;
    %store/vec4 v0000019ece026cf0_0, 0, 32;
    %jmp T_0.16;
T_0.8 ;
    %pushi/vec4 1, 0, 1;
    %store/vec4 v0000019ece074a00_0, 0, 1;
    %load/vec4 v0000019ece074b40_0;
    %store/vec4 v0000019ece026cf0_0, 0, 32;
    %jmp T_0.16;
T_0.9 ;
    %pushi/vec4 1, 0, 1;
    %store/vec4 v0000019ece026c50_0, 0, 1;
    %load/vec4 v0000019ece026b10_0;
    %store/vec4 v0000019ece026bb0_0, 0, 32;
    %pushi/vec4 1, 0, 1;
    %store/vec4 v0000019ece074a00_0, 0, 1;
    %load/vec4 v0000019ece074b40_0;
    %store/vec4 v0000019ece026cf0_0, 0, 32;
    %jmp T_0.16;
T_0.10 ;
    %pushi/vec4 1, 0, 1;
    %store/vec4 v0000019ece074a00_0, 0, 1;
    %load/vec4 v0000019ece026b10_0;
    %store/vec4 v0000019ece026cf0_0, 0, 32;
    %jmp T_0.16;
T_0.11 ;
    %pushi/vec4 1, 0, 1;
    %store/vec4 v0000019ece026c50_0, 0, 1;
    %load/vec4 v0000019ece026b10_0;
    %store/vec4 v0000019ece026bb0_0, 0, 32;
    %pushi/vec4 1, 0, 1;
    %store/vec4 v0000019ece074a00_0, 0, 1;
    %load/vec4 v0000019ece026b10_0;
    %store/vec4 v0000019ece026cf0_0, 0, 32;
    %jmp T_0.16;
T_0.12 ;
    %pushi/vec4 1, 0, 1;
    %store/vec4 v0000019ece026c50_0, 0, 1;
    %load/vec4 v0000019ece074b40_0;
    %store/vec4 v0000019ece026bb0_0, 0, 32;
    %pushi/vec4 1, 0, 1;
    %store/vec4 v0000019ece074a00_0, 0, 1;
    %load/vec4 v0000019ece074b40_0;
    %store/vec4 v0000019ece026cf0_0, 0, 32;
    %jmp T_0.16;
T_0.13 ;
    %pushi/vec4 1, 0, 1;
    %store/vec4 v0000019ece026c50_0, 0, 1;
    %load/vec4 v0000019ece026b10_0;
    %store/vec4 v0000019ece026bb0_0, 0, 32;
    %pushi/vec4 1, 0, 1;
    %store/vec4 v0000019ece074a00_0, 0, 1;
    %load/vec4 v0000019ece074b40_0;
    %store/vec4 v0000019ece026cf0_0, 0, 32;
    %jmp T_0.16;
T_0.14 ;
    %pushi/vec4 1, 0, 1;
    %store/vec4 v0000019ece026c50_0, 0, 1;
    %load/vec4 v0000019ece074b40_0;
    %store/vec4 v0000019ece026bb0_0, 0, 32;
    %pushi/vec4 1, 0, 1;
    %store/vec4 v0000019ece074a00_0, 0, 1;
    %load/vec4 v0000019ece026b10_0;
    %store/vec4 v0000019ece026cf0_0, 0, 32;
    %jmp T_0.16;
T_0.15 ;
    %pushi/vec4 1, 0, 1;
    %store/vec4 v0000019ece026c50_0, 0, 1;
    %load/vec4 v0000019ece026b10_0;
    %store/vec4 v0000019ece026bb0_0, 0, 32;
    %pushi/vec4 1, 0, 1;
    %store/vec4 v0000019ece074a00_0, 0, 1;
    %load/vec4 v0000019ece026b10_0;
    %store/vec4 v0000019ece026cf0_0, 0, 32;
    %jmp T_0.16;
T_0.16 ;
    %pop/vec4 1;
    %jmp T_0;
    .thread T_0, $push;
# The file index is used to find the file name in the following table.
:file_names 3;
    "N/A";
    "<interactive>";
    "ForwardingControlUnit.v";
