#! /c/Source/iverilog-install/bin/vvp
:ivl_version "12.0 (devel)" "(s20150603-1539-g2693dd32b)";
:ivl_delay_selection "TYPICAL";
:vpi_time_precision + 0;
:vpi_module "C:\iverilog\lib\ivl\system.vpi";
:vpi_module "C:\iverilog\lib\ivl\vhdl_sys.vpi";
:vpi_module "C:\iverilog\lib\ivl\vhdl_textio.vpi";
:vpi_module "C:\iverilog\lib\ivl\v2005_math.vpi";
:vpi_module "C:\iverilog\lib\ivl\va_math.vpi";
S_0000020c17ce6a10 .scope module, "BRANCH_CONTROL_UNIT" "BRANCH_CONTROL_UNIT" 2 1;
 .timescale 0 0;
    .port_info 0 /INPUT 1 "JUMP";
    .port_info 1 /INPUT 1 "BRANCH";
    .port_info 2 /INPUT 3 "FUNC3";
    .port_info 3 /INPUT 32 "OUT1";
    .port_info 4 /INPUT 32 "OUT2";
    .port_info 5 /INPUT 32 "ALU_RESULT";
    .port_info 6 /OUTPUT 32 "TARGET_ADDRESS";
    .port_info 7 /OUTPUT 1 "BRANCH_SELECT";
o0000020c17d3cfb8 .functor BUFZ 32, C4<zzzzzzzzzzzzzzzzzzzzzzzzzzzzzzzz>; HiZ drive
v0000020c17ce6ba0_0 .net "ALU_RESULT", 31 0, o0000020c17d3cfb8;  0 drivers
o0000020c17d3cfe8 .functor BUFZ 1, C4<z>; HiZ drive
v0000020c17ce6c40_0 .net "BRANCH", 0 0, o0000020c17d3cfe8;  0 drivers
v0000020c17ce6ce0_0 .var "BRANCH_SELECT", 0 0;
o0000020c17d3d048 .functor BUFZ 3, C4<zzz>; HiZ drive
v0000020c17cebe80_0 .net "FUNC3", 2 0, o0000020c17d3d048;  0 drivers
o0000020c17d3d078 .functor BUFZ 1, C4<z>; HiZ drive
v0000020c17cebf20_0 .net "JUMP", 0 0, o0000020c17d3d078;  0 drivers
o0000020c17d3d0a8 .functor BUFZ 32, C4<zzzzzzzzzzzzzzzzzzzzzzzzzzzzzzzz>; HiZ drive
v0000020c17d7f820_0 .net "OUT1", 31 0, o0000020c17d3d0a8;  0 drivers
o0000020c17d3d0d8 .functor BUFZ 32, C4<zzzzzzzzzzzzzzzzzzzzzzzzzzzzzzzz>; HiZ drive
v0000020c17d7f8c0_0 .net "OUT2", 31 0, o0000020c17d3d0d8;  0 drivers
v0000020c17d7f960_0 .var "TARGET_ADDRESS", 31 0;
E_0000020c17ce9230/0 .event anyedge, v0000020c17cebf20_0, v0000020c17ce6ba0_0, v0000020c17ce6c40_0, v0000020c17cebe80_0;
E_0000020c17ce9230/1 .event anyedge, v0000020c17d7f820_0, v0000020c17d7f8c0_0;
E_0000020c17ce9230 .event/or E_0000020c17ce9230/0, E_0000020c17ce9230/1;
    .scope S_0000020c17ce6a10;
T_0 ;
    %wait E_0000020c17ce9230;
    %pushi/vec4 0, 0, 32;
    %store/vec4 v0000020c17d7f960_0, 0, 32;
    %pushi/vec4 0, 0, 1;
    %store/vec4 v0000020c17ce6ce0_0, 0, 1;
    %load/vec4 v0000020c17cebf20_0;
    %flag_set/vec4 8;
    %jmp/0xz  T_0.0, 8;
    %load/vec4 v0000020c17ce6ba0_0;
    %store/vec4 v0000020c17d7f960_0, 0, 32;
    %pushi/vec4 0, 0, 1;
    %ix/load 4, 0, 0;
    %flag_set/imm 4, 0;
    %store/vec4 v0000020c17d7f960_0, 4, 1;
    %pushi/vec4 1, 0, 1;
    %store/vec4 v0000020c17ce6ce0_0, 0, 1;
    %jmp T_0.1;
T_0.0 ;
    %load/vec4 v0000020c17ce6c40_0;
    %flag_set/vec4 8;
    %jmp/0xz  T_0.2, 8;
    %load/vec4 v0000020c17cebe80_0;
    %dup/vec4;
    %pushi/vec4 0, 0, 3;
    %cmp/u;
    %jmp/1 T_0.4, 6;
    %dup/vec4;
    %pushi/vec4 1, 0, 3;
    %cmp/u;
    %jmp/1 T_0.5, 6;
    %dup/vec4;
    %pushi/vec4 4, 0, 3;
    %cmp/u;
    %jmp/1 T_0.6, 6;
    %dup/vec4;
    %pushi/vec4 5, 0, 3;
    %cmp/u;
    %jmp/1 T_0.7, 6;
    %dup/vec4;
    %pushi/vec4 6, 0, 3;
    %cmp/u;
    %jmp/1 T_0.8, 6;
    %dup/vec4;
    %pushi/vec4 7, 0, 3;
    %cmp/u;
    %jmp/1 T_0.9, 6;
    %pushi/vec4 0, 0, 32;
    %store/vec4 v0000020c17d7f960_0, 0, 32;
    %pushi/vec4 0, 0, 1;
    %store/vec4 v0000020c17ce6ce0_0, 0, 1;
    %jmp T_0.11;
T_0.4 ;
    %load/vec4 v0000020c17d7f820_0;
    %load/vec4 v0000020c17d7f8c0_0;
    %cmp/e;
    %jmp/0xz  T_0.12, 4;
    %load/vec4 v0000020c17ce6ba0_0;
    %store/vec4 v0000020c17d7f960_0, 0, 32;
    %pushi/vec4 1, 0, 1;
    %store/vec4 v0000020c17ce6ce0_0, 0, 1;
T_0.12 ;
    %jmp T_0.11;
T_0.5 ;
    %load/vec4 v0000020c17d7f820_0;
    %load/vec4 v0000020c17d7f8c0_0;
    %cmp/ne;
    %jmp/0xz  T_0.14, 4;
    %load/vec4 v0000020c17ce6ba0_0;
    %store/vec4 v0000020c17d7f960_0, 0, 32;
    %pushi/vec4 1, 0, 1;
    %store/vec4 v0000020c17ce6ce0_0, 0, 1;
T_0.14 ;
    %jmp T_0.11;
T_0.6 ;
    %load/vec4 v0000020c17d7f820_0;
    %load/vec4 v0000020c17d7f8c0_0;
    %cmp/s;
    %jmp/0xz  T_0.16, 5;
    %load/vec4 v0000020c17ce6ba0_0;
    %store/vec4 v0000020c17d7f960_0, 0, 32;
    %pushi/vec4 1, 0, 1;
    %store/vec4 v0000020c17ce6ce0_0, 0, 1;
T_0.16 ;
    %jmp T_0.11;
T_0.7 ;
    %load/vec4 v0000020c17d7f8c0_0;
    %load/vec4 v0000020c17d7f820_0;
    %cmp/s;
    %flag_or 5, 4;
    %jmp/0xz  T_0.18, 5;
    %load/vec4 v0000020c17ce6ba0_0;
    %store/vec4 v0000020c17d7f960_0, 0, 32;
    %pushi/vec4 1, 0, 1;
    %store/vec4 v0000020c17ce6ce0_0, 0, 1;
T_0.18 ;
    %jmp T_0.11;
T_0.8 ;
    %load/vec4 v0000020c17d7f820_0;
    %load/vec4 v0000020c17d7f8c0_0;
    %cmp/u;
    %jmp/0xz  T_0.20, 5;
    %load/vec4 v0000020c17ce6ba0_0;
    %store/vec4 v0000020c17d7f960_0, 0, 32;
    %pushi/vec4 1, 0, 1;
    %store/vec4 v0000020c17ce6ce0_0, 0, 1;
T_0.20 ;
    %jmp T_0.11;
T_0.9 ;
    %load/vec4 v0000020c17d7f8c0_0;
    %load/vec4 v0000020c17d7f820_0;
    %cmp/u;
    %flag_or 5, 4;
    %jmp/0xz  T_0.22, 5;
    %load/vec4 v0000020c17ce6ba0_0;
    %store/vec4 v0000020c17d7f960_0, 0, 32;
    %pushi/vec4 1, 0, 1;
    %store/vec4 v0000020c17ce6ce0_0, 0, 1;
T_0.22 ;
    %jmp T_0.11;
T_0.11 ;
    %pop/vec4 1;
T_0.2 ;
T_0.1 ;
    %jmp T_0;
    .thread T_0, $push;
# The file index is used to find the file name in the following table.
:file_names 3;
    "N/A";
    "<interactive>";
    "branch_control_unit.v";
