#! /c/Source/iverilog-install/bin/vvp
:ivl_version "12.0 (devel)" "(s20150603-1539-g2693dd32b)";
:ivl_delay_selection "TYPICAL";
:vpi_time_precision + 0;
:vpi_module "C:\iverilog\lib\ivl\system.vpi";
:vpi_module "C:\iverilog\lib\ivl\vhdl_sys.vpi";
:vpi_module "C:\iverilog\lib\ivl\vhdl_textio.vpi";
:vpi_module "C:\iverilog\lib\ivl\v2005_math.vpi";
:vpi_module "C:\iverilog\lib\ivl\va_math.vpi";
S_0000020e38c54840 .scope module, "ALU" "ALU" 2 2;
 .timescale 0 0;
    .port_info 0 /INPUT 32 "DATA1";
    .port_info 1 /INPUT 32 "DATA2";
    .port_info 2 /INPUT 5 "ALU_OPERATION";
    .port_info 3 /OUTPUT 32 "RESULT";
o0000020e38c8b6b8 .functor BUFZ 5, C4<zzzzz>; HiZ drive
v0000020e38cdb510_0 .net "ALU_OPERATION", 4 0, o0000020e38c8b6b8;  0 drivers
o0000020e38c8a848 .functor BUFZ 32, C4<zzzzzzzzzzzzzzzzzzzzzzzzzzzzzzzz>; HiZ drive
v0000020e38cda9d0_0 .net "DATA1", 31 0, o0000020e38c8a848;  0 drivers
o0000020e38c8a878 .functor BUFZ 32, C4<zzzzzzzzzzzzzzzzzzzzzzzzzzzzzzzz>; HiZ drive
v0000020e38cdb650_0 .net "DATA2", 31 0, o0000020e38c8a878;  0 drivers
v0000020e38cdb6f0_0 .var "RESULT", 31 0;
v0000020e38cdb790_0 .net "addOut", 31 0, v0000020e38c822d0_0;  1 drivers
v0000020e38cdba10_0 .net "andOut", 31 0, v0000020e38c82cd0_0;  1 drivers
v0000020e38cdbab0_0 .net "arithmetic_shift_right_out", 31 0, L_0000020e38cde990;  1 drivers
v0000020e38cdbb50_0 .net "div_out", 31 0, L_0000020e38cddef0;  1 drivers
v0000020e38cdbbf0_0 .net "divu_out", 31 0, L_0000020e38cde5d0;  1 drivers
v0000020e38cdecb0_0 .net "forward_out", 31 0, v0000020e38c820f0_0;  1 drivers
v0000020e38cdd810_0 .net "left_shift_out", 31 0, v0000020e38cdbc90_0;  1 drivers
v0000020e38cdde50_0 .net "logical_shift_right_out", 31 0, L_0000020e38cdea30;  1 drivers
L_0000020e38d10088 .functor BUFT 1, C4<00000000000000000000000000000000>, C4<0>, C4<0>, C4<0>;
v0000020e38cde0d0_0 .net "mulh_out", 31 0, L_0000020e38d10088;  1 drivers
L_0000020e38d100d0 .functor BUFT 1, C4<00000000000000000000000000000000>, C4<0>, C4<0>, C4<0>;
v0000020e38cde170_0 .net "mulhsu_out", 31 0, L_0000020e38d100d0;  1 drivers
L_0000020e38d10118 .functor BUFT 1, C4<00000000000000000000000000000000>, C4<0>, C4<0>, C4<0>;
v0000020e38cdd630_0 .net "mulhu_out", 31 0, L_0000020e38d10118;  1 drivers
v0000020e38cdd090_0 .net "multiplied_output", 31 0, L_0000020e38cdd450;  1 drivers
v0000020e38cde7b0_0 .net "orOut", 31 0, v0000020e38cda610_0;  1 drivers
v0000020e38cddd10_0 .net "rem_out", 31 0, L_0000020e38cde850;  1 drivers
v0000020e38cde8f0_0 .net "remu_out", 31 0, L_0000020e38cdd4f0;  1 drivers
v0000020e38cdd6d0_0 .net "set_less_than_out", 31 0, v0000020e38cdbdd0_0;  1 drivers
v0000020e38cded50_0 .net "set_less_than_unsigned_out", 31 0, v0000020e38cdacf0_0;  1 drivers
v0000020e38cdd1d0_0 .net "subOut", 31 0, v0000020e38cda2f0_0;  1 drivers
v0000020e38cdd130_0 .net "xor_out", 31 0, L_0000020e38c53c30;  1 drivers
E_0000020e38c4ebb0/0 .event anyedge, v0000020e38cdb510_0, v0000020e38c82cd0_0, v0000020e38cda610_0, v0000020e38c822d0_0;
E_0000020e38c4ebb0/1 .event anyedge, v0000020e38cda2f0_0, v0000020e38cdbc90_0, v0000020e38cdbdd0_0, v0000020e38cdacf0_0;
E_0000020e38c4ebb0/2 .event anyedge, v0000020e38cdb150_0, v0000020e38cda250_0, v0000020e38cdb330_0, v0000020e38cdbf10_0;
E_0000020e38c4ebb0/3 .event anyedge, v0000020e38cdb010_0, v0000020e38cdaf70_0, v0000020e38cdb970_0, v0000020e38c827d0_0;
E_0000020e38c4ebb0/4 .event anyedge, v0000020e38c82d70_0, v0000020e38cda390_0, v0000020e38cda930_0, v0000020e38c820f0_0;
E_0000020e38c4ebb0 .event/or E_0000020e38c4ebb0/0, E_0000020e38c4ebb0/1, E_0000020e38c4ebb0/2, E_0000020e38c4ebb0/3, E_0000020e38c4ebb0/4;
S_0000020e38c541c0 .scope module, "add_1" "add_1" 2 14, 2 71 0, S_0000020e38c54840;
 .timescale 0 0;
    .port_info 0 /INPUT 32 "DATA1";
    .port_info 1 /INPUT 32 "DATA2";
    .port_info 2 /OUTPUT 32 "addOut";
v0000020e38c82370_0 .net "DATA1", 31 0, o0000020e38c8a848;  alias, 0 drivers
v0000020e38c82c30_0 .net "DATA2", 31 0, o0000020e38c8a878;  alias, 0 drivers
v0000020e38c822d0_0 .var "addOut", 31 0;
E_0000020e38c4e770 .event anyedge, v0000020e38c82c30_0, v0000020e38c82370_0;
S_0000020e38c61d90 .scope module, "and_1" "and_1" 2 12, 2 91 0, S_0000020e38c54840;
 .timescale 0 0;
    .port_info 0 /INPUT 32 "DATA1";
    .port_info 1 /INPUT 32 "DATA2";
    .port_info 2 /OUTPUT 32 "andOut";
v0000020e38c82a50_0 .net "DATA1", 31 0, o0000020e38c8a848;  alias, 0 drivers
v0000020e38c825f0_0 .net "DATA2", 31 0, o0000020e38c8a878;  alias, 0 drivers
v0000020e38c82cd0_0 .var "andOut", 31 0;
S_0000020e38c61f20 .scope module, "div" "div" 2 26, 2 215 0, S_0000020e38c54840;
 .timescale 0 0;
    .port_info 0 /INPUT 32 "DATA1";
    .port_info 1 /INPUT 32 "DATA2";
    .port_info 2 /OUTPUT 32 "div_out";
v0000020e38c82730_0 .net "DATA1", 31 0, o0000020e38c8a848;  alias, 0 drivers
v0000020e38c82410_0 .net "DATA2", 31 0, o0000020e38c8a878;  alias, 0 drivers
v0000020e38c827d0_0 .net "div_out", 31 0, L_0000020e38cddef0;  alias, 1 drivers
L_0000020e38cddef0 .arith/div.s 32, o0000020e38c8a848, o0000020e38c8a878;
S_0000020e38c6ed10 .scope module, "divu" "divu" 2 27, 2 224 0, S_0000020e38c54840;
 .timescale 0 0;
    .port_info 0 /INPUT 32 "DATA1";
    .port_info 1 /INPUT 32 "DATA2";
    .port_info 2 /OUTPUT 32 "divu_out";
v0000020e38c82af0_0 .net "DATA1", 31 0, o0000020e38c8a848;  alias, 0 drivers
v0000020e38c82910_0 .net "DATA2", 31 0, o0000020e38c8a878;  alias, 0 drivers
v0000020e38c82d70_0 .net "divu_out", 31 0, L_0000020e38cde5d0;  alias, 1 drivers
L_0000020e38cde5d0 .arith/div 32, o0000020e38c8a848, o0000020e38c8a878;
S_0000020e38c6eea0 .scope module, "forward" "forward_1_and_extender" 2 30, 2 60 0, S_0000020e38c54840;
 .timescale 0 0;
    .port_info 0 /INPUT 32 "DATA2";
    .port_info 1 /OUTPUT 32 "forward_out";
v0000020e38c82f50_0 .net "DATA2", 31 0, o0000020e38c8a878;  alias, 0 drivers
v0000020e38c820f0_0 .var "forward_out", 31 0;
E_0000020e38c4edb0 .event anyedge, v0000020e38c82c30_0;
S_0000020e38c70650 .scope module, "left_shift" "left_shift" 2 16, 2 111 0, S_0000020e38c54840;
 .timescale 0 0;
    .port_info 0 /INPUT 32 "DATA1";
    .port_info 1 /INPUT 32 "DATA2";
    .port_info 2 /OUTPUT 32 "left_shift_out";
v0000020e38c829b0_0 .net "DATA1", 31 0, o0000020e38c8a848;  alias, 0 drivers
v0000020e38cda890_0 .net "DATA2", 31 0, o0000020e38c8a878;  alias, 0 drivers
v0000020e38cdbc90_0 .var "left_shift_out", 31 0;
S_0000020e38c707e0 .scope module, "mulh" "mulh" 2 23, 2 188 0, S_0000020e38c54840;
 .timescale 0 0;
    .port_info 0 /INPUT 32 "DATA1";
    .port_info 1 /INPUT 32 "DATA2";
    .port_info 2 /OUTPUT 32 "mulh_out";
v0000020e38cdae30_0 .net "DATA1", 31 0, o0000020e38c8a848;  alias, 0 drivers
v0000020e38cda6b0_0 .net "DATA2", 31 0, o0000020e38c8a878;  alias, 0 drivers
v0000020e38cdb010_0 .net "mulh_out", 31 0, L_0000020e38d10088;  alias, 1 drivers
S_0000020e38c6ca50 .scope module, "mulhsu" "mulhsu" 2 24, 2 197 0, S_0000020e38c54840;
 .timescale 0 0;
    .port_info 0 /INPUT 32 "DATA1";
    .port_info 1 /INPUT 32 "DATA2";
    .port_info 2 /OUTPUT 32 "mulhsu_out";
v0000020e38cdab10_0 .net "DATA1", 31 0, o0000020e38c8a848;  alias, 0 drivers
v0000020e38cda7f0_0 .net "DATA2", 31 0, o0000020e38c8a878;  alias, 0 drivers
v0000020e38cdaf70_0 .net "mulhsu_out", 31 0, L_0000020e38d100d0;  alias, 1 drivers
S_0000020e38c6cbe0 .scope module, "mulhu" "mulhu" 2 25, 2 206 0, S_0000020e38c54840;
 .timescale 0 0;
    .port_info 0 /INPUT 32 "DATA1";
    .port_info 1 /INPUT 32 "DATA2";
    .port_info 2 /OUTPUT 32 "mulhu_out";
v0000020e38cdbd30_0 .net "DATA1", 31 0, o0000020e38c8a848;  alias, 0 drivers
v0000020e38cdb1f0_0 .net "DATA2", 31 0, o0000020e38c8a878;  alias, 0 drivers
v0000020e38cdb970_0 .net "mulhu_out", 31 0, L_0000020e38d10118;  alias, 1 drivers
S_0000020e38c694b0 .scope module, "multiplication" "multiplication" 2 22, 2 179 0, S_0000020e38c54840;
 .timescale 0 0;
    .port_info 0 /INPUT 32 "DATA1";
    .port_info 1 /INPUT 32 "DATA2";
    .port_info 2 /OUTPUT 32 "multiplied_output";
v0000020e38cdaa70_0 .net "DATA1", 31 0, o0000020e38c8a848;  alias, 0 drivers
v0000020e38cda570_0 .net "DATA2", 31 0, o0000020e38c8a878;  alias, 0 drivers
v0000020e38cdbf10_0 .net "multiplied_output", 31 0, L_0000020e38cdd450;  alias, 1 drivers
L_0000020e38cdd450 .arith/mult 32, o0000020e38c8a848, o0000020e38c8a878;
S_0000020e38c69640 .scope module, "or_1" "or_1" 2 15, 2 101 0, S_0000020e38c54840;
 .timescale 0 0;
    .port_info 0 /INPUT 32 "DATA1";
    .port_info 1 /INPUT 32 "DATA2";
    .port_info 2 /OUTPUT 32 "orOut";
v0000020e38cdac50_0 .net "DATA1", 31 0, o0000020e38c8a848;  alias, 0 drivers
v0000020e38cdb830_0 .net "DATA2", 31 0, o0000020e38c8a878;  alias, 0 drivers
v0000020e38cda610_0 .var "orOut", 31 0;
S_0000020e38c65330 .scope module, "rem" "rem" 2 28, 2 233 0, S_0000020e38c54840;
 .timescale 0 0;
    .port_info 0 /INPUT 32 "DATA1";
    .port_info 1 /INPUT 32 "DATA2";
    .port_info 2 /OUTPUT 32 "rem_out";
v0000020e38cdb3d0_0 .net "DATA1", 31 0, o0000020e38c8a848;  alias, 0 drivers
v0000020e38cda070_0 .net "DATA2", 31 0, o0000020e38c8a878;  alias, 0 drivers
v0000020e38cda390_0 .net "rem_out", 31 0, L_0000020e38cde850;  alias, 1 drivers
L_0000020e38cde850 .arith/mod.s 32, o0000020e38c8a848, o0000020e38c8a878;
S_0000020e38c654c0 .scope module, "remu" "remu" 2 29, 2 242 0, S_0000020e38c54840;
 .timescale 0 0;
    .port_info 0 /INPUT 32 "DATA1";
    .port_info 1 /INPUT 32 "DATA2";
    .port_info 2 /OUTPUT 32 "remu_out";
v0000020e38cda750_0 .net "DATA1", 31 0, o0000020e38c8a848;  alias, 0 drivers
v0000020e38cdb290_0 .net "DATA2", 31 0, o0000020e38c8a878;  alias, 0 drivers
v0000020e38cda930_0 .net "remu_out", 31 0, L_0000020e38cdd4f0;  alias, 1 drivers
L_0000020e38cdd4f0 .arith/mod 32, o0000020e38c8a848, o0000020e38c8a878;
S_0000020e38c70f90 .scope module, "set_less_than" "set_less_than" 2 17, 2 122 0, S_0000020e38c54840;
 .timescale 0 0;
    .port_info 0 /INPUT 32 "DATA1";
    .port_info 1 /INPUT 32 "DATA2";
    .port_info 2 /OUTPUT 32 "set_less_than_out";
v0000020e38cdabb0_0 .net "DATA1", 31 0, o0000020e38c8a848;  alias, 0 drivers
v0000020e38cdb5b0_0 .net "DATA2", 31 0, o0000020e38c8a878;  alias, 0 drivers
v0000020e38cdbdd0_0 .var "set_less_than_out", 31 0;
S_0000020e38c71120 .scope module, "set_less_than_unsigned" "set_less_than_unsigned" 2 18, 2 137 0, S_0000020e38c54840;
 .timescale 0 0;
    .port_info 0 /INPUT 32 "DATA1";
    .port_info 1 /INPUT 32 "DATA2";
    .port_info 2 /OUTPUT 32 "set_less_than_unsigned_out";
v0000020e38cdbe70_0 .net "DATA1", 31 0, o0000020e38c8a848;  alias, 0 drivers
v0000020e38cda430_0 .net "DATA2", 31 0, o0000020e38c8a878;  alias, 0 drivers
v0000020e38cdacf0_0 .var "set_less_than_unsigned_out", 31 0;
S_0000020e38c74750 .scope module, "shift_right_arithmetic" "shift_right_arithmetic" 2 21, 2 170 0, S_0000020e38c54840;
 .timescale 0 0;
    .port_info 0 /INPUT 32 "DATA1";
    .port_info 1 /INPUT 32 "DATA2";
    .port_info 2 /OUTPUT 32 "arithmetic_shift_right_out";
v0000020e38cda110_0 .net "DATA1", 31 0, o0000020e38c8a848;  alias, 0 drivers
v0000020e38cdb8d0_0 .net "DATA2", 31 0, o0000020e38c8a878;  alias, 0 drivers
v0000020e38cdb330_0 .net "arithmetic_shift_right_out", 31 0, L_0000020e38cde990;  alias, 1 drivers
L_0000020e38cde990 .shift/rs 32, o0000020e38c8a848, o0000020e38c8a878;
S_0000020e38cdc210 .scope module, "shift_right_logical" "shift_right_logical" 2 20, 2 161 0, S_0000020e38c54840;
 .timescale 0 0;
    .port_info 0 /INPUT 32 "DATA1";
    .port_info 1 /INPUT 32 "DATA2";
    .port_info 2 /OUTPUT 32 "logical_shift_right_out";
v0000020e38cda1b0_0 .net "DATA1", 31 0, o0000020e38c8a848;  alias, 0 drivers
v0000020e38cdb0b0_0 .net "DATA2", 31 0, o0000020e38c8a878;  alias, 0 drivers
v0000020e38cda250_0 .net "logical_shift_right_out", 31 0, L_0000020e38cdea30;  alias, 1 drivers
L_0000020e38cdea30 .shift/r 32, o0000020e38c8a848, o0000020e38c8a878;
S_0000020e38cdc530 .scope module, "sub_1" "sub_1" 2 13, 2 81 0, S_0000020e38c54840;
 .timescale 0 0;
    .port_info 0 /INPUT 32 "DATA1";
    .port_info 1 /INPUT 32 "DATA2";
    .port_info 2 /OUTPUT 32 "subOut";
v0000020e38cdad90_0 .net "DATA1", 31 0, o0000020e38c8a848;  alias, 0 drivers
v0000020e38cdaed0_0 .net "DATA2", 31 0, o0000020e38c8a878;  alias, 0 drivers
v0000020e38cda2f0_0 .var "subOut", 31 0;
S_0000020e38cdc3a0 .scope module, "xor_1" "xor_module" 2 19, 2 152 0, S_0000020e38c54840;
 .timescale 0 0;
    .port_info 0 /INPUT 32 "DATA1";
    .port_info 1 /INPUT 32 "DATA2";
    .port_info 2 /OUTPUT 32 "xor_out";
L_0000020e38c53c30 .functor XOR 32, o0000020e38c8a848, o0000020e38c8a878, C4<00000000000000000000000000000000>, C4<00000000000000000000000000000000>;
v0000020e38cdb470_0 .net "DATA1", 31 0, o0000020e38c8a848;  alias, 0 drivers
v0000020e38cda4d0_0 .net "DATA2", 31 0, o0000020e38c8a878;  alias, 0 drivers
v0000020e38cdb150_0 .net "xor_out", 31 0, L_0000020e38c53c30;  alias, 1 drivers
    .scope S_0000020e38c61d90;
T_0 ;
    %wait E_0000020e38c4e770;
    %delay 1, 0;
    %load/vec4 v0000020e38c82a50_0;
    %load/vec4 v0000020e38c825f0_0;
    %and;
    %store/vec4 v0000020e38c82cd0_0, 0, 32;
    %jmp T_0;
    .thread T_0, $push;
    .scope S_0000020e38cdc530;
T_1 ;
    %wait E_0000020e38c4e770;
    %delay 2, 0;
    %load/vec4 v0000020e38cdad90_0;
    %load/vec4 v0000020e38cdaed0_0;
    %sub;
    %store/vec4 v0000020e38cda2f0_0, 0, 32;
    %jmp T_1;
    .thread T_1, $push;
    .scope S_0000020e38c541c0;
T_2 ;
    %wait E_0000020e38c4e770;
    %delay 1, 0;
    %load/vec4 v0000020e38c82370_0;
    %load/vec4 v0000020e38c82c30_0;
    %add;
    %store/vec4 v0000020e38c822d0_0, 0, 32;
    %jmp T_2;
    .thread T_2, $push;
    .scope S_0000020e38c69640;
T_3 ;
    %wait E_0000020e38c4e770;
    %delay 1, 0;
    %load/vec4 v0000020e38cdac50_0;
    %load/vec4 v0000020e38cdb830_0;
    %or;
    %store/vec4 v0000020e38cda610_0, 0, 32;
    %jmp T_3;
    .thread T_3, $push;
    .scope S_0000020e38c70650;
T_4 ;
    %wait E_0000020e38c4e770;
    %delay 1, 0;
    %load/vec4 v0000020e38c829b0_0;
    %ix/getv 4, v0000020e38cda890_0;
    %shiftl 4;
    %store/vec4 v0000020e38cdbc90_0, 0, 32;
    %jmp T_4;
    .thread T_4, $push;
    .scope S_0000020e38c70f90;
T_5 ;
    %wait E_0000020e38c4e770;
    %delay 1, 0;
    %load/vec4 v0000020e38cdabb0_0;
    %load/vec4 v0000020e38cdb5b0_0;
    %cmp/s;
    %jmp/0xz  T_5.0, 5;
    %pushi/vec4 1, 0, 32;
    %store/vec4 v0000020e38cdbdd0_0, 0, 32;
    %jmp T_5.1;
T_5.0 ;
    %pushi/vec4 0, 0, 32;
    %store/vec4 v0000020e38cdbdd0_0, 0, 32;
T_5.1 ;
    %jmp T_5;
    .thread T_5, $push;
    .scope S_0000020e38c71120;
T_6 ;
    %wait E_0000020e38c4e770;
    %delay 1, 0;
    %load/vec4 v0000020e38cdbe70_0;
    %load/vec4 v0000020e38cda430_0;
    %cmp/u;
    %jmp/0xz  T_6.0, 5;
    %pushi/vec4 1, 0, 32;
    %store/vec4 v0000020e38cdacf0_0, 0, 32;
    %jmp T_6.1;
T_6.0 ;
    %pushi/vec4 0, 0, 32;
    %store/vec4 v0000020e38cdacf0_0, 0, 32;
T_6.1 ;
    %jmp T_6;
    .thread T_6, $push;
    .scope S_0000020e38c6eea0;
T_7 ;
    %wait E_0000020e38c4edb0;
    %delay 1, 0;
    %load/vec4 v0000020e38c82f50_0;
    %parti/s 20, 12, 5;
    %concati/vec4 0, 0, 12;
    %store/vec4 v0000020e38c820f0_0, 0, 32;
    %jmp T_7;
    .thread T_7, $push;
    .scope S_0000020e38c54840;
T_8 ;
    %wait E_0000020e38c4ebb0;
    %load/vec4 v0000020e38cdb510_0;
    %dup/vec4;
    %pushi/vec4 0, 0, 5;
    %cmp/u;
    %jmp/1 T_8.0, 6;
    %dup/vec4;
    %pushi/vec4 1, 0, 5;
    %cmp/u;
    %jmp/1 T_8.1, 6;
    %dup/vec4;
    %pushi/vec4 2, 0, 5;
    %cmp/u;
    %jmp/1 T_8.2, 6;
    %dup/vec4;
    %pushi/vec4 3, 0, 5;
    %cmp/u;
    %jmp/1 T_8.3, 6;
    %dup/vec4;
    %pushi/vec4 4, 0, 5;
    %cmp/u;
    %jmp/1 T_8.4, 6;
    %dup/vec4;
    %pushi/vec4 5, 0, 5;
    %cmp/u;
    %jmp/1 T_8.5, 6;
    %dup/vec4;
    %pushi/vec4 6, 0, 5;
    %cmp/u;
    %jmp/1 T_8.6, 6;
    %dup/vec4;
    %pushi/vec4 7, 0, 5;
    %cmp/u;
    %jmp/1 T_8.7, 6;
    %dup/vec4;
    %pushi/vec4 8, 0, 5;
    %cmp/u;
    %jmp/1 T_8.8, 6;
    %dup/vec4;
    %pushi/vec4 9, 0, 5;
    %cmp/u;
    %jmp/1 T_8.9, 6;
    %dup/vec4;
    %pushi/vec4 10, 0, 5;
    %cmp/u;
    %jmp/1 T_8.10, 6;
    %dup/vec4;
    %pushi/vec4 11, 0, 5;
    %cmp/u;
    %jmp/1 T_8.11, 6;
    %dup/vec4;
    %pushi/vec4 12, 0, 5;
    %cmp/u;
    %jmp/1 T_8.12, 6;
    %dup/vec4;
    %pushi/vec4 13, 0, 5;
    %cmp/u;
    %jmp/1 T_8.13, 6;
    %dup/vec4;
    %pushi/vec4 14, 0, 5;
    %cmp/u;
    %jmp/1 T_8.14, 6;
    %dup/vec4;
    %pushi/vec4 15, 0, 5;
    %cmp/u;
    %jmp/1 T_8.15, 6;
    %dup/vec4;
    %pushi/vec4 16, 0, 5;
    %cmp/u;
    %jmp/1 T_8.16, 6;
    %dup/vec4;
    %pushi/vec4 17, 0, 5;
    %cmp/u;
    %jmp/1 T_8.17, 6;
    %dup/vec4;
    %pushi/vec4 18, 0, 5;
    %cmp/u;
    %jmp/1 T_8.18, 6;
    %jmp T_8.19;
T_8.0 ;
    %load/vec4 v0000020e38cdba10_0;
    %store/vec4 v0000020e38cdb6f0_0, 0, 32;
    %jmp T_8.19;
T_8.1 ;
    %load/vec4 v0000020e38cde7b0_0;
    %store/vec4 v0000020e38cdb6f0_0, 0, 32;
    %jmp T_8.19;
T_8.2 ;
    %load/vec4 v0000020e38cdb790_0;
    %store/vec4 v0000020e38cdb6f0_0, 0, 32;
    %jmp T_8.19;
T_8.3 ;
    %load/vec4 v0000020e38cdd1d0_0;
    %store/vec4 v0000020e38cdb6f0_0, 0, 32;
    %jmp T_8.19;
T_8.4 ;
    %load/vec4 v0000020e38cdd810_0;
    %store/vec4 v0000020e38cdb6f0_0, 0, 32;
    %jmp T_8.19;
T_8.5 ;
    %load/vec4 v0000020e38cdd6d0_0;
    %store/vec4 v0000020e38cdb6f0_0, 0, 32;
    %jmp T_8.19;
T_8.6 ;
    %load/vec4 v0000020e38cded50_0;
    %store/vec4 v0000020e38cdb6f0_0, 0, 32;
    %jmp T_8.19;
T_8.7 ;
    %load/vec4 v0000020e38cdd130_0;
    %store/vec4 v0000020e38cdb6f0_0, 0, 32;
    %jmp T_8.19;
T_8.8 ;
    %load/vec4 v0000020e38cdde50_0;
    %store/vec4 v0000020e38cdb6f0_0, 0, 32;
    %jmp T_8.19;
T_8.9 ;
    %load/vec4 v0000020e38cdbab0_0;
    %store/vec4 v0000020e38cdb6f0_0, 0, 32;
    %jmp T_8.19;
T_8.10 ;
    %load/vec4 v0000020e38cdd090_0;
    %store/vec4 v0000020e38cdb6f0_0, 0, 32;
    %jmp T_8.19;
T_8.11 ;
    %load/vec4 v0000020e38cde0d0_0;
    %store/vec4 v0000020e38cdb6f0_0, 0, 32;
    %jmp T_8.19;
T_8.12 ;
    %load/vec4 v0000020e38cde170_0;
    %store/vec4 v0000020e38cdb6f0_0, 0, 32;
    %jmp T_8.19;
T_8.13 ;
    %load/vec4 v0000020e38cdd630_0;
    %store/vec4 v0000020e38cdb6f0_0, 0, 32;
    %jmp T_8.19;
T_8.14 ;
    %load/vec4 v0000020e38cdbb50_0;
    %store/vec4 v0000020e38cdb6f0_0, 0, 32;
    %jmp T_8.19;
T_8.15 ;
    %load/vec4 v0000020e38cdbbf0_0;
    %store/vec4 v0000020e38cdb6f0_0, 0, 32;
    %jmp T_8.19;
T_8.16 ;
    %load/vec4 v0000020e38cddd10_0;
    %store/vec4 v0000020e38cdb6f0_0, 0, 32;
    %jmp T_8.19;
T_8.17 ;
    %load/vec4 v0000020e38cde8f0_0;
    %store/vec4 v0000020e38cdb6f0_0, 0, 32;
    %jmp T_8.19;
T_8.18 ;
    %load/vec4 v0000020e38cdecb0_0;
    %store/vec4 v0000020e38cdb6f0_0, 0, 32;
    %jmp T_8.19;
T_8.19 ;
    %pop/vec4 1;
    %jmp T_8;
    .thread T_8, $push;
# The file index is used to find the file name in the following table.
:file_names 3;
    "N/A";
    "<interactive>";
    "alu.v";
