#! /c/Source/iverilog-install/bin/vvp
:ivl_version "12.0 (devel)" "(s20150603-1539-g2693dd32b)";
:ivl_delay_selection "TYPICAL";
:vpi_time_precision + 0;
:vpi_module "C:\iverilog\lib\ivl\system.vpi";
:vpi_module "C:\iverilog\lib\ivl\vhdl_sys.vpi";
:vpi_module "C:\iverilog\lib\ivl\vhdl_textio.vpi";
:vpi_module "C:\iverilog\lib\ivl\v2005_math.vpi";
:vpi_module "C:\iverilog\lib\ivl\va_math.vpi";
S_0000020a373d6790 .scope module, "ALU_CONTROL" "ALU_CONTROL" 2 1;
 .timescale 0 0;
    .port_info 0 /INPUT 7 "FUNC7";
    .port_info 1 /INPUT 3 "FUNC3";
    .port_info 2 /INPUT 3 "ALU_OP";
    .port_info 3 /OUTPUT 5 "ALU_CTRL";
v0000020a373d6e70_0 .var "ALU_CTRL", 4 0;
o0000020a372cbe48 .functor BUFZ 3, C4<zzz>; HiZ drive
v0000020a373d6920_0 .net "ALU_OP", 2 0, o0000020a372cbe48;  0 drivers
o0000020a372cbe78 .functor BUFZ 3, C4<zzz>; HiZ drive
v0000020a373d69c0_0 .net "FUNC3", 2 0, o0000020a372cbe78;  0 drivers
o0000020a372cbea8 .functor BUFZ 7, C4<zzzzzzz>; HiZ drive
v0000020a373d6a60_0 .net "FUNC7", 6 0, o0000020a372cbea8;  0 drivers
E_0000020a372c8ef0 .event anyedge, v0000020a373d6920_0, v0000020a373d69c0_0, v0000020a373d6a60_0;
    .scope S_0000020a373d6790;
T_0 ;
    %wait E_0000020a372c8ef0;
    %load/vec4 v0000020a373d6920_0;
    %dup/vec4;
    %pushi/vec4 0, 0, 3;
    %cmp/u;
    %jmp/1 T_0.0, 6;
    %dup/vec4;
    %pushi/vec4 1, 0, 3;
    %cmp/u;
    %jmp/1 T_0.1, 6;
    %dup/vec4;
    %pushi/vec4 2, 0, 3;
    %cmp/u;
    %jmp/1 T_0.2, 6;
    %dup/vec4;
    %pushi/vec4 3, 0, 3;
    %cmp/u;
    %jmp/1 T_0.3, 6;
    %pushi/vec4 31, 0, 5;
    %store/vec4 v0000020a373d6e70_0, 0, 5;
    %jmp T_0.5;
T_0.0 ;
    %load/vec4 v0000020a373d69c0_0;
    %load/vec4 v0000020a373d6a60_0;
    %concat/vec4; draw_concat_vec4
    %dup/vec4;
    %pushi/vec4 0, 0, 10;
    %cmp/u;
    %jmp/1 T_0.6, 6;
    %dup/vec4;
    %pushi/vec4 32, 0, 10;
    %cmp/u;
    %jmp/1 T_0.7, 6;
    %dup/vec4;
    %pushi/vec4 896, 0, 10;
    %cmp/u;
    %jmp/1 T_0.8, 6;
    %dup/vec4;
    %pushi/vec4 768, 0, 10;
    %cmp/u;
    %jmp/1 T_0.9, 6;
    %dup/vec4;
    %pushi/vec4 128, 0, 10;
    %cmp/u;
    %jmp/1 T_0.10, 6;
    %dup/vec4;
    %pushi/vec4 256, 0, 10;
    %cmp/u;
    %jmp/1 T_0.11, 6;
    %dup/vec4;
    %pushi/vec4 384, 0, 10;
    %cmp/u;
    %jmp/1 T_0.12, 6;
    %dup/vec4;
    %pushi/vec4 512, 0, 10;
    %cmp/u;
    %jmp/1 T_0.13, 6;
    %dup/vec4;
    %pushi/vec4 640, 0, 10;
    %cmp/u;
    %jmp/1 T_0.14, 6;
    %dup/vec4;
    %pushi/vec4 672, 0, 10;
    %cmp/u;
    %jmp/1 T_0.15, 6;
    %pushi/vec4 31, 0, 5;
    %store/vec4 v0000020a373d6e70_0, 0, 5;
    %jmp T_0.17;
T_0.6 ;
    %pushi/vec4 2, 0, 5;
    %store/vec4 v0000020a373d6e70_0, 0, 5;
    %jmp T_0.17;
T_0.7 ;
    %pushi/vec4 3, 0, 5;
    %store/vec4 v0000020a373d6e70_0, 0, 5;
    %jmp T_0.17;
T_0.8 ;
    %pushi/vec4 0, 0, 5;
    %store/vec4 v0000020a373d6e70_0, 0, 5;
    %jmp T_0.17;
T_0.9 ;
    %pushi/vec4 1, 0, 5;
    %store/vec4 v0000020a373d6e70_0, 0, 5;
    %jmp T_0.17;
T_0.10 ;
    %pushi/vec4 4, 0, 5;
    %store/vec4 v0000020a373d6e70_0, 0, 5;
    %jmp T_0.17;
T_0.11 ;
    %pushi/vec4 5, 0, 5;
    %store/vec4 v0000020a373d6e70_0, 0, 5;
    %jmp T_0.17;
T_0.12 ;
    %pushi/vec4 6, 0, 5;
    %store/vec4 v0000020a373d6e70_0, 0, 5;
    %jmp T_0.17;
T_0.13 ;
    %pushi/vec4 7, 0, 5;
    %store/vec4 v0000020a373d6e70_0, 0, 5;
    %jmp T_0.17;
T_0.14 ;
    %pushi/vec4 8, 0, 5;
    %store/vec4 v0000020a373d6e70_0, 0, 5;
    %jmp T_0.17;
T_0.15 ;
    %pushi/vec4 9, 0, 5;
    %store/vec4 v0000020a373d6e70_0, 0, 5;
    %jmp T_0.17;
T_0.17 ;
    %pop/vec4 1;
    %jmp T_0.5;
T_0.1 ;
    %pushi/vec4 2, 0, 5;
    %store/vec4 v0000020a373d6e70_0, 0, 5;
    %jmp T_0.5;
T_0.2 ;
    %pushi/vec4 2, 0, 5;
    %store/vec4 v0000020a373d6e70_0, 0, 5;
    %jmp T_0.5;
T_0.3 ;
    %load/vec4 v0000020a373d69c0_0;
    %dup/vec4;
    %pushi/vec4 0, 0, 3;
    %cmp/u;
    %jmp/1 T_0.18, 6;
    %dup/vec4;
    %pushi/vec4 2, 0, 3;
    %cmp/u;
    %jmp/1 T_0.19, 6;
    %dup/vec4;
    %pushi/vec4 3, 0, 3;
    %cmp/u;
    %jmp/1 T_0.20, 6;
    %dup/vec4;
    %pushi/vec4 4, 0, 3;
    %cmp/u;
    %jmp/1 T_0.21, 6;
    %dup/vec4;
    %pushi/vec4 6, 0, 3;
    %cmp/u;
    %jmp/1 T_0.22, 6;
    %dup/vec4;
    %pushi/vec4 7, 0, 3;
    %cmp/u;
    %jmp/1 T_0.23, 6;
    %dup/vec4;
    %pushi/vec4 1, 0, 3;
    %cmp/u;
    %jmp/1 T_0.24, 6;
    %dup/vec4;
    %pushi/vec4 5, 0, 3;
    %cmp/u;
    %jmp/1 T_0.25, 6;
    %pushi/vec4 31, 0, 5;
    %store/vec4 v0000020a373d6e70_0, 0, 5;
    %jmp T_0.27;
T_0.18 ;
    %pushi/vec4 2, 0, 5;
    %store/vec4 v0000020a373d6e70_0, 0, 5;
    %jmp T_0.27;
T_0.19 ;
    %pushi/vec4 5, 0, 5;
    %store/vec4 v0000020a373d6e70_0, 0, 5;
    %jmp T_0.27;
T_0.20 ;
    %pushi/vec4 6, 0, 5;
    %store/vec4 v0000020a373d6e70_0, 0, 5;
    %jmp T_0.27;
T_0.21 ;
    %pushi/vec4 7, 0, 5;
    %store/vec4 v0000020a373d6e70_0, 0, 5;
    %jmp T_0.27;
T_0.22 ;
    %pushi/vec4 1, 0, 5;
    %store/vec4 v0000020a373d6e70_0, 0, 5;
    %jmp T_0.27;
T_0.23 ;
    %pushi/vec4 0, 0, 5;
    %store/vec4 v0000020a373d6e70_0, 0, 5;
    %jmp T_0.27;
T_0.24 ;
    %load/vec4 v0000020a373d6a60_0;
    %cmpi/e 0, 0, 7;
    %jmp/0xz  T_0.28, 4;
    %pushi/vec4 4, 0, 5;
    %store/vec4 v0000020a373d6e70_0, 0, 5;
    %jmp T_0.29;
T_0.28 ;
    %pushi/vec4 31, 0, 5;
    %store/vec4 v0000020a373d6e70_0, 0, 5;
T_0.29 ;
    %jmp T_0.27;
T_0.25 ;
    %load/vec4 v0000020a373d6a60_0;
    %cmpi/e 0, 0, 7;
    %jmp/0xz  T_0.30, 4;
    %pushi/vec4 8, 0, 5;
    %store/vec4 v0000020a373d6e70_0, 0, 5;
    %jmp T_0.31;
T_0.30 ;
    %load/vec4 v0000020a373d6a60_0;
    %cmpi/e 32, 0, 7;
    %jmp/0xz  T_0.32, 4;
    %pushi/vec4 9, 0, 5;
    %store/vec4 v0000020a373d6e70_0, 0, 5;
    %jmp T_0.33;
T_0.32 ;
    %pushi/vec4 31, 0, 5;
    %store/vec4 v0000020a373d6e70_0, 0, 5;
T_0.33 ;
T_0.31 ;
    %jmp T_0.27;
T_0.27 ;
    %pop/vec4 1;
    %jmp T_0.5;
T_0.5 ;
    %pop/vec4 1;
    %jmp T_0;
    .thread T_0, $push;
# The file index is used to find the file name in the following table.
:file_names 3;
    "N/A";
    "<interactive>";
    "alu_ctrl.v";
