#! /c/Source/iverilog-install/bin/vvp
:ivl_version "12.0 (devel)" "(s20150603-1539-g2693dd32b)";
:ivl_delay_selection "TYPICAL";
:vpi_time_precision + 0;
:vpi_module "C:\iverilog\lib\ivl\system.vpi";
:vpi_module "C:\iverilog\lib\ivl\vhdl_sys.vpi";
:vpi_module "C:\iverilog\lib\ivl\vhdl_textio.vpi";
:vpi_module "C:\iverilog\lib\ivl\v2005_math.vpi";
:vpi_module "C:\iverilog\lib\ivl\va_math.vpi";
S_0000025a669abca0 .scope module, "IMM_PICK" "IMM_PICK" 2 1;
 .timescale 0 0;
    .port_info 0 /INPUT 32 "INSTRUCTION";
    .port_info 1 /INPUT 3 "IMM_PICK";
    .port_info 2 /OUTPUT 32 "IMMEDIATE";
v0000025a669a7020_0 .var "IMMEDIATE", 31 0;
o0000025a669f6fe8 .functor BUFZ 3, C4<zzz>; HiZ drive
v0000025a669abe30_0 .net "IMM_PICK", 2 0, o0000025a669f6fe8;  0 drivers
o0000025a669f7018 .functor BUFZ 32, C4<zzzzzzzzzzzzzzzzzzzzzzzzzzzzzzzz>; HiZ drive
v0000025a669abed0_0 .net "INSTRUCTION", 31 0, o0000025a669f7018;  0 drivers
E_0000025a669a9610 .event anyedge, v0000025a669abe30_0, v0000025a669abed0_0;
    .scope S_0000025a669abca0;
T_0 ;
    %wait E_0000025a669a9610;
    %load/vec4 v0000025a669abe30_0;
    %dup/vec4;
    %pushi/vec4 0, 0, 3;
    %cmp/u;
    %jmp/1 T_0.0, 6;
    %dup/vec4;
    %pushi/vec4 1, 0, 3;
    %cmp/u;
    %jmp/1 T_0.1, 6;
    %dup/vec4;
    %pushi/vec4 2, 0, 3;
    %cmp/u;
    %jmp/1 T_0.2, 6;
    %dup/vec4;
    %pushi/vec4 3, 0, 3;
    %cmp/u;
    %jmp/1 T_0.3, 6;
    %dup/vec4;
    %pushi/vec4 4, 0, 3;
    %cmp/u;
    %jmp/1 T_0.4, 6;
    %pushi/vec4 0, 0, 32;
    %store/vec4 v0000025a669a7020_0, 0, 32;
    %jmp T_0.6;
T_0.0 ;
    %load/vec4 v0000025a669abed0_0;
    %parti/s 1, 31, 6;
    %replicate 20;
    %load/vec4 v0000025a669abed0_0;
    %parti/s 12, 20, 6;
    %concat/vec4; draw_concat_vec4
    %store/vec4 v0000025a669a7020_0, 0, 32;
    %jmp T_0.6;
T_0.1 ;
    %load/vec4 v0000025a669abed0_0;
    %parti/s 1, 31, 6;
    %replicate 20;
    %load/vec4 v0000025a669abed0_0;
    %parti/s 7, 25, 6;
    %concat/vec4; draw_concat_vec4
    %load/vec4 v0000025a669abed0_0;
    %parti/s 5, 7, 4;
    %concat/vec4; draw_concat_vec4
    %store/vec4 v0000025a669a7020_0, 0, 32;
    %jmp T_0.6;
T_0.2 ;
    %load/vec4 v0000025a669abed0_0;
    %parti/s 20, 12, 5;
    %concati/vec4 0, 0, 12;
    %store/vec4 v0000025a669a7020_0, 0, 32;
    %jmp T_0.6;
T_0.3 ;
    %load/vec4 v0000025a669abed0_0;
    %parti/s 1, 31, 6;
    %replicate 19;
    %load/vec4 v0000025a669abed0_0;
    %parti/s 1, 31, 6;
    %concat/vec4; draw_concat_vec4
    %load/vec4 v0000025a669abed0_0;
    %parti/s 1, 7, 4;
    %concat/vec4; draw_concat_vec4
    %load/vec4 v0000025a669abed0_0;
    %parti/s 6, 25, 6;
    %concat/vec4; draw_concat_vec4
    %load/vec4 v0000025a669abed0_0;
    %parti/s 4, 8, 5;
    %concat/vec4; draw_concat_vec4
    %concati/vec4 0, 0, 1;
    %store/vec4 v0000025a669a7020_0, 0, 32;
    %jmp T_0.6;
T_0.4 ;
    %load/vec4 v0000025a669abed0_0;
    %parti/s 1, 31, 6;
    %replicate 11;
    %load/vec4 v0000025a669abed0_0;
    %parti/s 1, 31, 6;
    %concat/vec4; draw_concat_vec4
    %load/vec4 v0000025a669abed0_0;
    %parti/s 8, 12, 5;
    %concat/vec4; draw_concat_vec4
    %load/vec4 v0000025a669abed0_0;
    %parti/s 1, 20, 6;
    %concat/vec4; draw_concat_vec4
    %load/vec4 v0000025a669abed0_0;
    %parti/s 10, 21, 6;
    %concat/vec4; draw_concat_vec4
    %concati/vec4 0, 0, 1;
    %store/vec4 v0000025a669a7020_0, 0, 32;
    %jmp T_0.6;
T_0.6 ;
    %pop/vec4 1;
    %jmp T_0;
    .thread T_0, $push;
# The file index is used to find the file name in the following table.
:file_names 3;
    "N/A";
    "<interactive>";
    "imm_pick.v";
