#! /c/Source/iverilog-install/bin/vvp
:ivl_version "12.0 (devel)" "(s20150603-1539-g2693dd32b)";
:ivl_delay_selection "TYPICAL";
:vpi_time_precision + 0;
:vpi_module "C:\iverilog\lib\ivl\system.vpi";
:vpi_module "C:\iverilog\lib\ivl\vhdl_sys.vpi";
:vpi_module "C:\iverilog\lib\ivl\vhdl_textio.vpi";
:vpi_module "C:\iverilog\lib\ivl\v2005_math.vpi";
:vpi_module "C:\iverilog\lib\ivl\va_math.vpi";
S_000001aee7926a80 .scope module, "FORWARDING_UNIT" "FORWARDING_UNIT" 2 1;
 .timescale 0 0;
    .port_info 0 /INPUT 5 "ADDR1";
    .port_info 1 /INPUT 5 "ADDR2";
    .port_info 2 /INPUT 5 "STAGE_RD";
    .port_info 3 /OUTPUT 2 "FORWARD_EN";
o000001aee7846fa8 .functor BUFZ 5, C4<zzzzz>; HiZ drive
v000001aee7927080_0 .net "ADDR1", 4 0, o000001aee7846fa8;  0 drivers
o000001aee7846fd8 .functor BUFZ 5, C4<zzzzz>; HiZ drive
v000001aee7926c10_0 .net "ADDR2", 4 0, o000001aee7846fd8;  0 drivers
v000001aee7926cb0_0 .var "FORWARD_EN", 1 0;
o000001aee7847038 .functor BUFZ 5, C4<zzzzz>; HiZ drive
v000001aee7926d50_0 .net "STAGE_RD", 4 0, o000001aee7847038;  0 drivers
E_000001aee792d090 .event anyedge, v000001aee7926d50_0, v000001aee7927080_0, v000001aee7926c10_0;
    .scope S_000001aee7926a80;
T_0 ;
    %wait E_000001aee792d090;
    %load/vec4 v000001aee7926d50_0;
    %cmpi/e 0, 0, 5;
    %jmp/0xz  T_0.0, 4;
    %pushi/vec4 0, 0, 2;
    %store/vec4 v000001aee7926cb0_0, 0, 2;
    %jmp T_0.1;
T_0.0 ;
    %load/vec4 v000001aee7927080_0;
    %load/vec4 v000001aee7926d50_0;
    %cmp/e;
    %flag_get/vec4 4;
    %jmp/0 T_0.4, 4;
    %load/vec4 v000001aee7926c10_0;
    %load/vec4 v000001aee7926d50_0;
    %cmp/e;
    %flag_get/vec4 4;
    %and;
T_0.4;
    %flag_set/vec4 8;
    %jmp/0xz  T_0.2, 8;
    %pushi/vec4 3, 0, 2;
    %store/vec4 v000001aee7926cb0_0, 0, 2;
    %jmp T_0.3;
T_0.2 ;
    %load/vec4 v000001aee7927080_0;
    %load/vec4 v000001aee7926d50_0;
    %cmp/e;
    %jmp/0xz  T_0.5, 4;
    %pushi/vec4 1, 0, 2;
    %store/vec4 v000001aee7926cb0_0, 0, 2;
    %jmp T_0.6;
T_0.5 ;
    %load/vec4 v000001aee7926c10_0;
    %load/vec4 v000001aee7926d50_0;
    %cmp/e;
    %jmp/0xz  T_0.7, 4;
    %pushi/vec4 2, 0, 2;
    %store/vec4 v000001aee7926cb0_0, 0, 2;
T_0.7 ;
T_0.6 ;
T_0.3 ;
T_0.1 ;
    %jmp T_0;
    .thread T_0, $push;
# The file index is used to find the file name in the following table.
:file_names 3;
    "N/A";
    "<interactive>";
    "forwarding_unit.v";
